build/app/outputs/mapping/release/seeds.txt
com.marcoincerti.biorhythms.MainActivity
com.marcoincerti.biorhythms.MainActivity: MainActivity()
...
androidx.work.OverwritingInputMerger
com.google.android.gms.internal.ads.zzyb: int zzi
com.google.android.gms.ads.formats.AdManagerAdViewOptions: android.os.Parcelable$Creator CREATOR
com.google.android.gms.internal.ads.zzewt: com.google.android.gms.internal.ads.zzesf zzf
com.google.android.gms.internal.measurement.zzfw: java.lang.String zzH
com.google.firebase.components.ComponentDiscoveryService
io.flutter.embedding.engine.mutatorsstack.FlutterMutatorsStack: java.util.List getMutators()
com.google.firebase.perf.v1.TraceMetric: com.google.protobuf.Internal$ProtobufList subtraces_
com.google.android.gms.internal.ads.zzxg: int zzf
androidx.appcompat.widget.AppCompatTextView: int getAutoSizeMaxTextSize()
com.google.android.gms.internal.ads.zzemj: com.google.android.gms.internal.ads.zzemj zzf
com.google.android.gms.internal.ads.zzdc: long zzy
com.google.android.gms.internal.ads.zzexb: com.google.android.gms.internal.ads.zzexa zze
com.google.firebase.remoteconfig.internal.ConfigFetchHttpClient
com.google.firebase.perf.v1.NetworkRequestMetric: java.lang.String url_
com.google.android.gms.internal.ads.zzdv: com.google.android.gms.internal.ads.zzdv zzi
com.google.android.gms.internal.ads.zzend: com.google.android.gms.internal.ads.zzend zzh
com.google.android.gms.internal.ads.zzeag: android.os.Parcelable$Creator CREATOR
com.google.android.gms.internal.ads.zzelo: int zzb
io.flutter.embedding.engine.FlutterJNI: void detachFromNativeAndReleaseResources()
androidx.vectordrawable.graphics.drawable.VectorDrawableCompat$VGroup: void setPivotY(float)
com.google.android.gms.internal.measurement.zzfe: com.google.android.gms.internal.measurement.zzfe zzg
com.google.android.gms.internal.measurement.zzfw: com.google.android.gms.internal.measurement.zzkk zzG
com.google.android.gms.internal.measurement.zzga: com.google.android.gms.internal.measurement.zzga[] values()
com.google.android.gms.internal.measurement.zzeh
androidx.appcompat.widget.ActionMenuView: int getPopupTheme()
androidx.appcompat.widget.ActionBarOverlayLayout: void setShowingForActionMode(boolean)
com.google.android.gms.measurement.internal.zzaa: android.os.Parcelable$Creator CREATOR
com.google.android.gms.internal.ads.zzxa: int zzm
androidx.appcompat.widget.ActionBarContainer: void setTransitioning(boolean)
com.google.firebase.perf.v1.NetworkRequestMetric: com.google.protobuf.MapFieldLite customAttributes_
androidx.appcompat.app.AppCompatActivity
com.google.android.gms.internal.ads.zzhv: com.google.android.gms.internal.ads.zzhv zzj
com.google.android.gms.common.ConnectionResult: android.os.Parcelable$Creator CREATOR
com.google.firebase.perf.v1.NetworkRequestMetric: int NETWORK_CLIENT_ERROR_REASON_FIELD_NUMBER
com.google.firebase.perf.provider.FirebasePerfProvider: android.database.Cursor query(android.net.Uri,java.lang.String[],java.lang.String,java.lang.String[],java.lang.String)
com.google.android.gms.common.annotation.KeepName
androidx.appcompat.widget.LinearLayoutCompat: int getBaselineAlignedChildIndex()
androidx.appcompat.widget.AppCompatTextView: android.graphics.PorterDuff$Mode getSupportCompoundDrawablesTintMode()
com.google.android.gms.measurement.internal.AppMeasurementDynamiteService: void getCurrentScreenName(com.google.android.gms.internal.measurement.zzcf)
androidx.appcompat.widget.ActionBarContextView: int getContentHeight()
com.google.android.gms.internal.measurement.zzfw: java.lang.String zzt
com.google.android.gms.ads.mediation.MediationInterstitialAdapter: void requestInterstitialAd(android.content.Context,com.google.android.gms.ads.mediation.MediationInterstitialListener,android.os.Bundle,com.google.android.gms.ads.mediation.MediationAdRequest,android.os.Bundle)
com.google.android.gms.internal.ads.zzxm: com.google.android.gms.internal.ads.zzyf zzh
androidx.appcompat.widget.AppCompatAutoCompleteTextView: void setSupportBackgroundTintList(android.content.res.ColorStateList)
com.google.firebase.perf.application.AppStateUpdateHandler: AppStateUpdateHandler()