build/app/outputs/mapping/release/mapping.txt
# compiler: R8
# compiler_version: 2.1.62
# min_api: 28
# pg_map_id: 7e1dd11
# common_typos_disable
...
com.google.android.gms.internal.ads.zzauu -> com.google.android.gms.internal.ads.aj:
    com.google.android.gms.internal.ads.zzauv zzb(android.os.IBinder) -> y5
com.google.android.gms.internal.ads.zzauv -> com.google.android.gms.internal.ads.bj:
com.google.android.gms.internal.ads.zzauw -> com.google.android.gms.internal.ads.cj:
    void zze(java.util.List) -> L3
    void zzf(java.lang.String) -> r
com.google.android.gms.internal.ads.zzaux -> com.google.android.gms.internal.ads.dj:
    com.google.android.gms.internal.ads.zzauy zzb(android.os.IBinder) -> y5
com.google.android.gms.internal.ads.zzauy -> com.google.android.gms.internal.ads.ej:
    void zze(java.util.List) -> L3
    void zzf(java.lang.String) -> r
com.google.android.gms.internal.ads.zzauz -> com.google.android.gms.internal.ads.fj:
    com.google.android.gms.ads.query.QueryInfoGenerationCallback zza -> j
    void zzb(java.lang.String,java.lang.String) -> M
    void zzd(java.lang.String,java.lang.String,android.os.Bundle) -> i0
    void zzc(java.lang.String) -> w
com.google.android.gms.internal.ads.zzav -> com.google.android.gms.internal.ads.gj:
    long zzf -> f
    long zze -> e
    long zzg -> g
    long zza -> a
    long zzd -> d
    java.util.List zzh -> h
    java.lang.String zzc -> c
    java.lang.String zzb -> b
    com.google.android.gms.internal.ads.zzav zza(com.google.android.gms.internal.ads.zzaw) -> a
com.google.android.gms.internal.ads.zzava -> com.google.android.gms.internal.ads.hj:
    android.content.Context zza -> a
    com.google.android.gms.ads.AdFormat zzb -> b
    com.google.android.gms.internal.ads.zzbag zzd -> d
    com.google.android.gms.internal.ads.zzacq zzc -> c
    com.google.android.gms.internal.ads.zzbag zza(android.content.Context) -> a
    void zzb(com.google.android.gms.ads.query.QueryInfoGenerationCallback) -> b
com.google.android.gms.internal.ads.zzavf -> com.google.android.gms.internal.ads.ij:
    android.view.View zza -> j
    java.util.Map zzb -> k
com.google.android.gms.internal.ads.zzavg -> com.google.android.gms.internal.ads.jj:
com.google.android.gms.internal.ads.zzavh -> com.google.android.gms.internal.ads.kj:
    com.google.android.gms.internal.ads.zzbbp zza -> j
    java.lang.String zzb -> k
com.google.android.gms.internal.ads.zzavi -> com.google.android.gms.internal.ads.lj:
    com.google.android.gms.internal.ads.zzavk zzb -> b
    java.lang.Thread$UncaughtExceptionHandler zza -> a
com.google.android.gms.internal.ads.zzavj -> com.google.android.gms.internal.ads.mj:
    com.google.android.gms.internal.ads.zzavk zzb -> b
    java.lang.Thread$UncaughtExceptionHandler zza -> a
com.google.android.gms.internal.ads.zzavk -> com.google.android.gms.internal.ads.nj:
    com.google.android.gms.internal.ads.zzavm zza -> g
    com.google.android.gms.internal.ads.zzavm zzb -> h
    java.util.concurrent.ExecutorService zzg -> d
    android.content.Context zze -> b
    java.lang.Object zzc -> f
    java.lang.Object zzd -> a
    java.util.WeakHashMap zzf -> c
    com.google.android.gms.internal.ads.zzbbq zzh -> e
    void zzd(java.lang.Throwable,java.lang.String) -> a
    void zze(java.lang.Throwable,java.lang.String,float) -> b
    com.google.android.gms.internal.ads.zzavm zza(android.content.Context) -> c
    com.google.android.gms.internal.ads.zzavm zzb(android.content.Context,com.google.android.gms.internal.ads.zzbbq) -> d
    void zzc(java.lang.Thread,java.lang.Throwable) -> e
com.google.android.gms.internal.ads.zzavl -> com.google.android.gms.internal.ads.oj:
    void zzd(java.lang.Throwable,java.lang.String) -> a
    void zze(java.lang.Throwable,java.lang.String,float) -> b
com.google.android.gms.internal.ads.zzavm -> com.google.android.gms.internal.ads.pj:
    void zzd(java.lang.Throwable,java.lang.String) -> a
    void zze(java.lang.Throwable,java.lang.String,float) -> b