build/app/outputs/mapping/release/usage.txt
com.marcoincerti.biorhythms.R$attr
com.marcoincerti.biorhythms.R$id
com.marcoincerti.biorhythms.R$color
com.marcoincerti.biorhythms.R$dimen
com.marcoincerti.biorhythms.R$bool
com.marcoincerti.biorhythms.BuildConfig
com.marcoincerti.biorhythms.R$integer
com.marcoincerti.biorhythms.R$mipmap
com.marcoincerti.biorhythms.R$drawable
com.marcoincerti.biorhythms.R$string
com.marcoincerti.biorhythms.R$layout
com.marcoincerti.biorhythms.R$styleable
com.marcoincerti.biorhythms.R$style
com.marcoincerti.biorhythms.R$interpolator
com.marcoincerti.biorhythms.R
com.marcoincerti.biorhythms.R$anim
...
com.google.common.base.CharMatcher$SingleWidth
androidx.customview.widget.FocusStrategy$BoundsAdapter
kotlin.io.FilePathComponents
okhttp3.internal.http2.Http2Connection$3
com.google.protobuf.DescriptorProtos$OneofOptions
com.google.protobuf.Internal$FloatList:
    public abstract float getFloat(int)
    public abstract void addFloat(float)
    public abstract float setFloat(int,float)
    public abstract com.google.protobuf.Internal$FloatList mutableCopyWithCapacity(int)
kotlin.contracts.Returns
androidx.sqlite.db.SupportSQLiteQuery:
    public abstract int getArgCount()
com.google.firebase.perf.util.Timer:
    public void <init>(long,long)
    public long getHighResTime()
androidx.core.view.LayoutInflaterCompat:
    private void <init>()
    public static void setFactory(android.view.LayoutInflater,androidx.core.view.LayoutInflaterFactory)
    public static androidx.core.view.LayoutInflaterFactory getFactory(android.view.LayoutInflater)
    private static final java.lang.String TAG
com.google.android.gms.internal.ads.zzabc:
    public final com.google.android.gms.internal.ads.zzaho zze(com.google.android.gms.dynamic.IObjectWrapper,com.google.android.gms.dynamic.IObjectWrapper)
    public final com.google.android.gms.internal.ads.zzawv zzf(com.google.android.gms.dynamic.IObjectWrapper,com.google.android.gms.internal.ads.zzaqb,int)
    public final com.google.android.gms.internal.ads.zzahs zzj(com.google.android.gms.dynamic.IObjectWrapper,com.google.android.gms.dynamic.IObjectWrapper,com.google.android.gms.dynamic.IObjectWrapper)
    public final com.google.android.gms.internal.ads.zzaau zzl(com.google.android.gms.dynamic.IObjectWrapper,com.google.android.gms.internal.ads.zzyx,java.lang.String,com.google.android.gms.internal.ads.zzaqb,int)
    public final com.google.android.gms.internal.ads.zzaln zzo(com.google.android.gms.dynamic.IObjectWrapper,com.google.android.gms.internal.ads.zzaqb,int,com.google.android.gms.internal.ads.zzalk)
androidx.core.view.MotionEventCompat
com.google.android.gms.ads.query.UpdateClickUrlCallback
androidx.vectordrawable.animated.R$id
androidx.browser.customtabs.PostMessageService$1
com.google.common.cache.LongAddables$1
com.google.android.gms.internal.measurement.zzby:
    public void <init>()
androidx.work.impl.WorkManagerImpl$1
androidx.drawerlayout.R$attr
com.google.android.gms.internal.ads.zzaj:
    public void <init>()
androidx.appcompat.app.AppCompatDelegateImpl:
    void <init>(android.content.Context,android.view.Window,androidx.appcompat.app.AppCompatCallback)
    void <init>(android.content.Context,android.app.Activity,androidx.appcompat.app.AppCompatCallback)
    public void setSupportActionBar(androidx.appcompat.widget.Toolbar)
    public boolean hasWindowFeature(int)
    public void setHandleNativeActionModesEnabled(boolean)
    android.view.ViewGroup getSubDecor()
    public void setLocalNightMode(int)
    final androidx.appcompat.app.AppCompatDelegateImpl$AutoNightModeManager getAutoTimeNightModeManager()
    public final androidx.appcompat.app.ActionBarDrawerToggle$Delegate getDrawerToggleDelegate()
    static final java.lang.String EXCEPTION_HANDLER_MESSAGE_SUFFIX
com.google.protobuf.GeneratedMessageLite$ExtendableMessageOrBuilder
androidx.annotation.Size
androidx.cursoradapter.widget.SimpleCursorAdapter$CursorToStringConverter
com.google.android.play.core.splitinstall.u
com.google.common.collect.RegularImmutableTable$1
com.google.android.gms.ads.formats.AdManagerAdViewOptions$Builder